[INFO ] [2023-01-06 17:36:06,923] Register - Step 01: Open 'Register' page
[INFO ] [2023-01-06 17:36:07,841] Register - Step 02: Enter to Firstname textbox with value is 'Automation'
[INFO ] [2023-01-06 17:36:07,936] Register - Step 03: Enter to Lastname textbox with value is 'FC'
[INFO ] [2023-01-06 17:36:08,016] Register - Step 04: Enter to Email address textbox with value is 'afc9325@mail.vn'
[INFO ] [2023-01-06 17:36:08,148] Register - Step 05: Enter to Pasword textbox with value is '123456'
[INFO ] [2023-01-06 17:36:08,248] Register - Step 06: Enter to Confirm Pasword textbox with value is '123456'
[INFO ] [2023-01-06 17:36:08,337] Register - Step 07: Click to Register button
[INFO ] [2023-01-06 17:36:10,322] Register - Step 08: Verify register success message is displayed
[INFO ] [2023-01-06 17:36:10,373] Register - Step 09: Click to Continue button
[INFO ] [2023-01-06 17:36:12,073] Login - Step 01: Navigate to Login page
[INFO ] [2023-01-06 17:36:12,970] Login - Step 02: Enter to Email address textbox with value is 'afc9325@mail.vn'
[INFO ] [2023-01-06 17:36:13,058] Login - Step 03: Enter to Pasword textbox with value is '123456'
[INFO ] [2023-01-06 17:36:13,133] Login - Step 04: Click to Login button
[INFO ] [2023-01-06 17:36:15,078] Login - Step 05: Verify 'My Account' link is displayed
[INFO ] [2023-01-06 17:36:15,182] Login - Step 06: Navigte to 'My Account' link
[INFO ] [2023-01-06 17:36:16,414] Login - Step 07: Verify to 'Customer Info' link
[INFO ] [2023-01-06 17:48:02,002] Register - Step 01: Open 'Register' page
[INFO ] [2023-01-06 17:48:03,131] Register - Step 02: Enter to Firstname textbox with value is 'Automation'
[INFO ] [2023-01-06 17:48:03,214] Register - Step 03: Enter to Lastname textbox with value is 'FC'
[INFO ] [2023-01-06 17:48:03,301] Register - Step 04: Enter to Email address textbox with value is 'afc42983@mail.vn'
[INFO ] [2023-01-06 17:48:03,409] Register - Step 05: Enter to Pasword textbox with value is '123456'
[INFO ] [2023-01-06 17:48:03,483] Register - Step 06: Enter to Confirm Pasword textbox with value is '123456'
[INFO ] [2023-01-06 17:48:03,573] Register - Step 07: Click to Register button
[INFO ] [2023-01-06 17:48:04,330] Register - Step 08: Verify register success message is displayed
[INFO ] [2023-01-06 17:48:04,386]  -------------------------- PASSED -------------------------- 
[INFO ] [2023-01-06 17:48:04,386] Register - Step 09: Click to Continue button
[INFO ] [2023-01-06 17:48:04,832] Login - Step 01: Navigate to Login page
[INFO ] [2023-01-06 17:48:05,220] Login - Step 02: Enter to Email address textbox with value is 'afc42983@mail.vn'
[INFO ] [2023-01-06 17:48:05,308] Login - Step 03: Enter to Pasword textbox with value is '123456'
[INFO ] [2023-01-06 17:48:05,384] Login - Step 04: Click to Login button
[INFO ] [2023-01-06 17:48:06,083] Login - Step 05: Verify 'My Account' link is displayed
[INFO ] [2023-01-06 17:48:06,187]  -------------------------- PASSED -------------------------- 
[INFO ] [2023-01-06 17:48:06,187] Login - Step 06: Navigte to 'My Account' link
[INFO ] [2023-01-06 17:48:06,657] Login - Step 07: Verify to 'Customer Info' link
[INFO ] [2023-01-06 17:48:06,752]  -------------------------- PASSED -------------------------- 
[INFO ] [2023-01-06 23:04:46,782] Register - Step 01: Open 'Register' page
[INFO ] [2023-01-06 23:04:53,323] Register - Step 02: Enter to Firstname textbox with value is 'Automation'
[INFO ] [2023-01-06 23:04:53,412] Register - Step 03: Enter to Lastname textbox with value is 'FC'
[INFO ] [2023-01-06 23:04:53,486] Register - Step 04: Enter to Email address textbox with value is 'afc59444@mail.vn'
[INFO ] [2023-01-06 23:04:53,579] Register - Step 05: Enter to Pasword textbox with value is '123456'
[INFO ] [2023-01-06 23:04:53,654] Register - Step 06: Enter to Confirm Pasword textbox with value is '123456'
[INFO ] [2023-01-06 23:04:53,732] Register - Step 07: Click to Register button
[INFO ] [2023-01-06 23:04:54,857] Register - Step 08: Verify register success message is displayed
[INFO ] [2023-01-06 23:04:54,909] Register - Step 09: Click to Continue button
[INFO ] [2023-01-06 23:04:55,766] Login - Step 01: Navigate to Login page
[INFO ] [2023-01-06 23:04:56,352] Login - Step 02: Enter to Email address textbox with value is 'afc59444@mail.vn'
[INFO ] [2023-01-06 23:04:56,432] Login - Step 03: Enter to Pasword textbox with value is '123456'
[INFO ] [2023-01-06 23:04:56,506] Login - Step 04: Click to Login button
[INFO ] [2023-01-06 23:04:57,318] Login - Step 05: Verify 'My Account' link is displayed
[INFO ] [2023-01-06 23:04:57,415] Login - Step 06: Navigte to 'My Account' link
[INFO ] [2023-01-06 23:04:57,895] Login - Step 07: Verify to 'Customer Info' link
[INFO ] [2023-01-06 23:07:21,140] Register - Step 01: Open 'Register' page
[INFO ] [2023-01-06 23:07:22,014] Register - Step 02: Enter to Firstname textbox with value is 'Automation'
[INFO ] [2023-01-06 23:07:22,110] Register - Step 03: Enter to Lastname textbox with value is 'FC'
[INFO ] [2023-01-06 23:07:22,208] Register - Step 04: Enter to Email address textbox with value is 'afc35000@mail.vn'
[INFO ] [2023-01-06 23:07:22,288] Register - Step 05: Enter to Pasword textbox with value is '123456'
[INFO ] [2023-01-06 23:07:22,362] Register - Step 06: Enter to Confirm Pasword textbox with value is '123456'
[INFO ] [2023-01-06 23:07:22,438] Register - Step 07: Click to Register button
[INFO ] [2023-01-06 23:07:23,965] Register - Step 08: Verify register success message is displayed
[INFO ] [2023-01-06 23:07:24,074] Login - Step 01: Navigate to Login page
[INFO ] [2023-01-06 23:07:26,095] Login - Step 02: Enter to Email address textbox with value is 'afc35000@mail.vn'
[INFO ] [2023-01-06 23:07:26,184] Login - Step 03: Enter to Pasword textbox with value is '123456'
[INFO ] [2023-01-06 23:07:26,262] Login - Step 04: Click to Login button
[INFO ] [2023-01-06 23:07:27,046] Login - Step 05: Verify 'My Account' link is displayed
[INFO ] [2023-01-06 23:07:27,133] Login - Step 06: Navigte to 'My Account' link
[INFO ] [2023-01-06 23:07:28,133] Login - Step 07: Verify to 'Customer Info' link
[INFO ] [2023-01-10 21:30:30,948] Register - Step 01: Open 'Register' page
[INFO ] [2023-01-10 21:30:32,373] Register - Step 02: Enter to Firstname textbox with value is 'Automation'
[INFO ] [2023-01-10 21:30:32,450] Register - Step 03: Enter to Lastname textbox with value is 'FC'
[INFO ] [2023-01-10 21:30:32,521] Register - Step 04: Enter to Email address textbox with value is 'afc75465@mail.vn'
[INFO ] [2023-01-10 21:30:32,603] Register - Step 05: Enter to Pasword textbox with value is '123456'
[INFO ] [2023-01-10 21:30:32,675] Register - Step 06: Enter to Confirm Pasword textbox with value is '123456'
[INFO ] [2023-01-10 21:30:32,752] Register - Step 07: Click to Register button
[INFO ] [2023-01-10 21:30:33,649] Register - Step 08: Verify register success message is displayed
[INFO ] [2023-01-10 21:30:33,768] Login - Step 01: Navigate to Login page
[INFO ] [2023-01-10 21:35:01,756] Register - Step 01: Open 'Register' page
[INFO ] [2023-01-10 21:35:02,732] Register - Step 02: Enter to Firstname textbox with value is 'Automation'
[INFO ] [2023-01-10 21:35:02,826] Register - Step 03: Enter to Lastname textbox with value is 'FC'
[INFO ] [2023-01-10 21:35:02,911] Register - Step 04: Enter to Email address textbox with value is 'afc21940@mail.vn'
[INFO ] [2023-01-10 21:35:02,992] Register - Step 05: Enter to Pasword textbox with value is '123456'
[INFO ] [2023-01-10 21:35:03,067] Register - Step 06: Enter to Confirm Pasword textbox with value is '123456'
[INFO ] [2023-01-10 21:35:03,144] Register - Step 07: Click to Register button
[INFO ] [2023-01-10 21:35:04,205] Register - Step 08: Verify register success message is displayed
[INFO ] [2023-01-10 21:35:04,315] Login - Step 01: Navigate to Login page
[INFO ] [2023-01-10 21:35:05,103] Login - Step 02: Enter to Email address textbox with value is 'afc21940@mail.vn'
[INFO ] [2023-01-10 21:35:05,186] Login - Step 03: Enter to Pasword textbox with value is '123456'
[INFO ] [2023-01-10 21:35:05,275] Login - Step 04: Click to Login button
[INFO ] [2023-01-10 21:35:06,939] Login - Step 05: Verify 'My Account' link is displayed
[INFO ] [2023-01-10 21:35:07,055] Login - Step 06: Navigte to 'My Account' link
[INFO ] [2023-01-10 21:35:07,635] Login - Step 07: Verify to 'Customer Info' link
[INFO ] [2023-01-10 21:37:47,525] Register - Step 01: Open 'Register' page
[INFO ] [2023-01-10 21:37:50,160] Register - Step 02: Enter to Firstname textbox with value is 'Automation'
[INFO ] [2023-01-10 21:37:50,241] Register - Step 03: Enter to Lastname textbox with value is 'FC'
[INFO ] [2023-01-10 21:37:50,329] Register - Step 04: Enter to Email address textbox with value is 'afc5482@mail.vn'
[INFO ] [2023-01-10 21:37:50,408] Register - Step 05: Enter to Pasword textbox with value is '123456'
[INFO ] [2023-01-10 21:37:50,485] Register - Step 06: Enter to Confirm Pasword textbox with value is '123456'
[INFO ] [2023-01-10 21:37:50,575] Register - Step 07: Click to Register button
[INFO ] [2023-01-10 21:37:53,140] Register - Step 08: Verify register success message is displayed
[INFO ] [2023-01-10 21:37:53,243] Login - Step 01: Navigate to Login page
[INFO ] [2023-01-10 21:37:53,827] Login - Step 02: Enter to Email address textbox with value is 'afc5482@mail.vn'
[INFO ] [2023-01-10 21:37:53,928] Login - Step 03: Enter to Pasword textbox with value is '123456'
[INFO ] [2023-01-10 21:37:54,006] Login - Step 04: Click to Login button
[INFO ] [2023-01-10 21:37:55,216] Login - Step 05: Verify 'My Account' link is displayed
[INFO ] [2023-01-10 21:37:55,308] Login - Step 06: Navigte to 'My Account' link
[INFO ] [2023-01-10 21:37:57,028] Login - Step 07: Verify to 'Customer Info' link
[INFO ] [2023-01-10 22:18:05,465] Register - Step 01: Open 'Register' page
[INFO ] [2023-01-10 22:18:06,276] Register - Step 02: Enter to Firstname textbox with value is 'Automation'
[INFO ] [2023-01-10 22:18:06,362] Register - Step 03: Enter to Lastname textbox with value is 'FC'
[INFO ] [2023-01-10 22:18:06,450] Register - Step 04: Enter to Email address textbox with value is 'afc77899@mail.vn'
[INFO ] [2023-01-10 22:18:06,534] Register - Step 05: Enter to Pasword textbox with value is '123456'
[INFO ] [2023-01-10 22:18:06,623] Register - Step 06: Enter to Confirm Pasword textbox with value is '123456'
[INFO ] [2023-01-10 22:18:06,700] Register - Step 07: Click to Register button
[INFO ] [2023-01-10 22:18:07,816] Register - Step 08: Verify register success message is displayed
[INFO ] [2023-01-10 22:18:07,908] Login - Step 01: Navigate to Login page
[INFO ] [2023-01-10 22:22:25,135] Register - Step 01: Open 'Register' page
[INFO ] [2023-01-10 22:22:27,008] Register - Step 02: Enter to Firstname textbox with value is 'Automation'
[INFO ] [2023-01-10 22:22:27,084] Register - Step 03: Enter to Lastname textbox with value is 'FC'
[INFO ] [2023-01-10 22:22:27,160] Register - Step 04: Enter to Email address textbox with value is 'afc11471@mail.vn'
[INFO ] [2023-01-10 22:22:27,242] Register - Step 05: Enter to Pasword textbox with value is '123456'
[INFO ] [2023-01-10 22:22:27,319] Register - Step 06: Enter to Confirm Pasword textbox with value is '123456'
[INFO ] [2023-01-10 22:22:27,398] Register - Step 07: Click to Register button
[INFO ] [2023-01-10 22:22:28,242] Register - Step 08: Verify register success message is displayed
[INFO ] [2023-01-10 22:22:28,337] Register - Step 09: Click to Continue button
[INFO ] [2023-01-10 22:22:28,753] Login - Step 01: Navigate to Login page
[INFO ] [2023-01-10 22:22:29,153] Login - Step 02: Enter to Email address textbox with value is 'afc11471@mail.vn'
[INFO ] [2023-01-10 22:22:29,243] Login - Step 03: Enter to Pasword textbox with value is '123456'
[INFO ] [2023-01-10 22:22:29,318] Login - Step 04: Click to Login button
[INFO ] [2023-01-10 22:22:30,315] Login - Step 05: Verify 'My Account' link is displayed
[INFO ] [2023-01-10 22:22:30,404] Login - Step 06: Navigte to 'My Account' link
[INFO ] [2023-01-10 22:22:30,864] Login - Step 07: Verify to 'Customer Info' link
[INFO ] [2023-01-10 22:24:33,088] Register - Step 01: Open 'Register' page
[INFO ] [2023-01-10 22:24:34,512] Register - Step 02: Enter to Firstname textbox with value is 'Automation'
[INFO ] [2023-01-10 22:24:34,604] Register - Step 03: Enter to Lastname textbox with value is 'FC'
[INFO ] [2023-01-10 22:24:34,677] Register - Step 04: Enter to Email address textbox with value is 'afc26541@mail.vn'
[INFO ] [2023-01-10 22:24:34,758] Register - Step 05: Enter to Pasword textbox with value is '123456'
[INFO ] [2023-01-10 22:24:34,832] Register - Step 06: Enter to Confirm Pasword textbox with value is '123456'
[INFO ] [2023-01-10 22:24:34,941] Register - Step 07: Click to Register button
[INFO ] [2023-01-10 22:24:36,294] Register - Step 08: Verify register success message is displayed
[INFO ] [2023-01-10 22:24:36,384] Register - Step 09: Click to Continue button
[INFO ] [2023-01-10 22:24:36,921] Login - Step 01: Navigate to Login page
[INFO ] [2023-01-10 22:24:37,629] Login - Step 02: Enter to Email address textbox with value is 'afc26541@mail.vn'
[INFO ] [2023-01-10 22:24:37,709] Login - Step 03: Enter to Pasword textbox with value is '123456'
[INFO ] [2023-01-10 22:24:37,830] Login - Step 04: Click to Login button
[INFO ] [2023-01-10 22:24:38,893] Login - Step 05: Verify 'My Account' link is displayed
[INFO ] [2023-01-10 22:24:38,989] Login - Step 06: Navigte to 'My Account' link
[INFO ] [2023-01-10 22:24:39,601] Login - Step 07: Verify to 'Customer Info' link
[INFO ] [2023-01-12 21:13:09,163] Login - Step 01: Navigate to Login page
[INFO ] [2023-01-12 21:13:10,772] Login - Step 02: Enter to Email address textbox with value is 'afc22896@mail.vn'
[INFO ] [2023-01-12 21:13:10,862] Login - Step 03: Enter to Pasword textbox with value is '123456'
[INFO ] [2023-01-12 21:13:10,934] Login - Step 04: Click to Login button
[INFO ] [2023-01-12 22:19:55,594] Login - Step 01: Navigate to Login page
[INFO ] [2023-01-12 22:19:56,813] Login - Step 02: Enter to Email address textbox with value is 'null'
[INFO ] [2023-01-12 22:23:26,656] Pre-Condition - Step 01: Navigate to Login page
[INFO ] [2023-01-12 22:23:29,952] Pre-Condition - Step 02: Set cookie and reload page 'null'
[INFO ] [2023-01-12 22:23:38,387] Pre-Condition - Step 05: Verify 'My Account' link is displayed
[INFO ] [2023-01-12 22:25:42,897] Pre-Condition - Step 01: Navigate to Login page
[INFO ] [2023-01-12 22:25:43,715] Pre-Condition - Step 02: Set cookie and reload page 'null'
[INFO ] [2023-01-12 22:25:50,122] Pre-Condition - Step 05: Verify 'My Account' link is displayed
[INFO ] [2023-01-12 22:26:39,030] Pre-Condition - Step 01: Navigate to Login page
[INFO ] [2023-01-12 22:26:40,281] Pre-Condition - Step 02: Set cookie and reload page 'null'
[INFO ] [2023-01-12 22:26:45,455] Pre-Condition - Step 05: Verify 'My Account' link is displayed
[INFO ] [2023-01-12 22:35:02,156] Pre-Condition - Step 01: Navigate to Login page
[INFO ] [2023-01-12 22:35:02,875] Pre-Condition - Step 02: Set cookie and reload page ''
[INFO ] [2023-01-12 22:35:07,515] Pre-Condition - Step 05: Verify 'My Account' link is displayed
[INFO ] [2023-01-12 22:39:40,987] Pre-Condition - Step 01: Navigate to Login page
[INFO ] [2023-01-12 22:39:41,671] Pre-Condition - Step 02: Set cookie and reload page ''
[INFO ] [2023-01-12 22:39:47,086] Pre-Condition - Step 05: Verify 'My Account' link is displayed
[INFO ] [2023-01-12 22:39:47,173]  -------------------------- PASSED -------------------------- 
[INFO ] [2023-01-13 14:26:55,989] Pre-condition - Step 01: Open 'Register' page
[INFO ] [2023-01-13 14:26:56,697] Pre-condition - Step 02: Enter to Firstname textbox with value is 'Automation'
[INFO ] [2023-01-13 14:26:56,850] Pre-condition - Step 03: Enter to Lastname textbox with value is 'FC'
[INFO ] [2023-01-13 14:26:56,941] Pre-condition - Step 04: Enter to Email address textbox with value is 'afc48974@mail.vn'
[INFO ] [2023-01-13 14:26:57,033] Pre-condition - Step 05: Enter to Pasword textbox with value is '123456'
[INFO ] [2023-01-13 14:26:57,110] Pre-condition - Step 06: Enter to Confirm Pasword textbox with value is '123456'
[INFO ] [2023-01-13 14:26:57,186] Pre-condition - Step 07: Click to Register button
[INFO ] [2023-01-13 14:26:58,025] Pre-condition - Step 08: Verify register success message is displayed
[INFO ] [2023-01-13 14:26:58,125]  -------------------------- FAILED -------------------------- 
[INFO ] [2023-01-13 14:26:58,147] Pre-condition - Step 09: Click to Continue button
[INFO ] [2023-01-13 14:26:58,760] Login - Step 01: Navigate to Login page
[INFO ] [2023-01-13 14:26:59,245] Login - Step 02: Enter to Email address textbox with value is 'afc48974@mail.vn'
[INFO ] [2023-01-13 14:26:59,393] Login - Step 03: Enter to Pasword textbox with value is '123456'
[INFO ] [2023-01-13 14:26:59,477] Login - Step 04: Click to Login button
[INFO ] [2023-01-13 14:27:00,292] Login - Step 05: Verify 'My Account' link is displayed
[INFO ] [2023-01-13 14:27:00,441]  -------------------------- PASSED -------------------------- 
[INFO ] [2023-01-13 14:27:00,441] Login - Step 06: Navigte to 'My Account' link
[INFO ] [2023-01-13 14:27:00,993] Login - Step 07: Verify to 'Customer Info' link
[INFO ] [2023-01-13 14:27:01,138]  -------------------------- FAILED -------------------------- 
[INFO ] [2023-01-13 14:28:55,292] Pre-condition - Step 01: Open 'Register' page
[INFO ] [2023-01-13 14:28:56,746] Pre-condition - Step 02: Enter to Firstname textbox with value is 'Automation'
[INFO ] [2023-01-13 14:28:56,823] Pre-condition - Step 03: Enter to Lastname textbox with value is 'FC'
[INFO ] [2023-01-13 14:28:56,898] Pre-condition - Step 04: Enter to Email address textbox with value is 'afc61593@mail.vn'
[INFO ] [2023-01-13 14:28:56,981] Pre-condition - Step 05: Enter to Pasword textbox with value is '123456'
[INFO ] [2023-01-13 14:28:57,056] Pre-condition - Step 06: Enter to Confirm Pasword textbox with value is '123456'
[INFO ] [2023-01-13 14:28:57,135] Pre-condition - Step 07: Click to Register button
[INFO ] [2023-01-13 14:28:57,923] Pre-condition - Step 08: Verify register success message is displayed
[INFO ] [2023-01-13 14:28:57,962]  -------------------------- FAILED -------------------------- 
[INFO ] [2023-01-13 14:28:57,962] Pre-condition - Step 09: Click to Continue button
[INFO ] [2023-01-13 14:28:58,485] Login - Step 01: Navigate to Login page
[INFO ] [2023-01-13 14:28:58,890] Login - Step 02: Enter to Email address textbox with value is 'afc61593@mail.vn'
[INFO ] [2023-01-13 14:28:58,966] Login - Step 03: Enter to Pasword textbox with value is '123456'
[INFO ] [2023-01-13 14:28:59,042] Login - Step 04: Click to Login button
[INFO ] [2023-01-13 14:28:59,728] Login - Step 05: Verify 'My Account' link is displayed
[INFO ] [2023-01-13 14:28:59,817]  -------------------------- PASSED -------------------------- 
[INFO ] [2023-01-13 14:28:59,817] Login - Step 06: Navigte to 'My Account' link
[INFO ] [2023-01-13 14:29:00,217] Login - Step 07: Verify to 'Customer Info' link
[INFO ] [2023-01-13 14:29:00,317]  -------------------------- FAILED -------------------------- 
[INFO ] [2023-01-13 14:30:43,660] Pre-condition - Step 01: Open 'Register' page
[INFO ] [2023-01-13 14:30:44,380] Pre-condition - Step 02: Enter to Firstname textbox with value is 'Automation'
[INFO ] [2023-01-13 14:30:44,530] Pre-condition - Step 03: Enter to Lastname textbox with value is 'FC'
[INFO ] [2023-01-13 14:30:44,620] Pre-condition - Step 04: Enter to Email address textbox with value is 'afc40068@mail.vn'
[INFO ] [2023-01-13 14:30:44,703] Pre-condition - Step 05: Enter to Pasword textbox with value is '123456'
[INFO ] [2023-01-13 14:30:44,807] Pre-condition - Step 06: Enter to Confirm Pasword textbox with value is '123456'
[INFO ] [2023-01-13 14:30:44,900] Pre-condition - Step 07: Click to Register button
[INFO ] [2023-01-13 14:30:45,840] Pre-condition - Step 08: Verify register success message is displayed
[INFO ] [2023-01-13 14:42:29,236] Pre-condition - Step 01: Open 'Register' page
[INFO ] [2023-01-13 14:42:30,012] Pre-condition - Step 02: Enter to Firstname textbox with value is 'Automation'
[INFO ] [2023-01-13 14:42:30,152] Pre-condition - Step 03: Enter to Lastname textbox with value is 'FC'
[INFO ] [2023-01-13 14:42:30,244] Pre-condition - Step 04: Enter to Email address textbox with value is 'afc46521@mail.vn'
[INFO ] [2023-01-13 14:42:30,330] Pre-condition - Step 05: Enter to Pasword textbox with value is '123456'
[INFO ] [2023-01-13 14:42:30,447] Pre-condition - Step 06: Enter to Confirm Pasword textbox with value is '123456'
[INFO ] [2023-01-13 14:42:30,612] Pre-condition - Step 07: Click to Register button
[INFO ] [2023-01-13 14:42:31,490] Pre-condition - Step 08: Verify register success message is displayed
[INFO ] [2023-01-13 18:07:14,193] Pre-condition - Step 01: Open 'Register' page
[INFO ] [2023-01-13 18:07:14,915] Pre-condition - Step 02: Enter to Firstname textbox with value is 'Automation'
[INFO ] [2023-01-13 18:07:15,067] Pre-condition - Step 03: Enter to Lastname textbox with value is 'FC'
[INFO ] [2023-01-13 18:07:15,152] Pre-condition - Step 04: Enter to Email address textbox with value is 'afc37873@mail.vn'
[INFO ] [2023-01-13 18:07:15,248] Pre-condition - Step 05: Enter to Pasword textbox with value is '123456'
[INFO ] [2023-01-13 18:07:15,336] Pre-condition - Step 06: Enter to Confirm Pasword textbox with value is '123456'
[INFO ] [2023-01-13 18:07:15,414] Pre-condition - Step 07: Click to Register button
[INFO ] [2023-01-13 18:07:16,274] Pre-condition - Step 08: Verify register success message is displayed
[INFO ] [2023-01-13 18:07:16,454] OS name = Windows 10
[INFO ] [2023-01-13 18:07:16,454] Driver instance name = firefoxdriver: firefox on windows (3589556f-b3b9-41df-b24d-ddd58ab1ee1e)
[INFO ] [2023-01-14 12:08:34,694] Register - Step 01: Open 'Register' page
[INFO ] [2023-01-14 12:09:04,899] Register - Step 09: Click to Continue button
[INFO ] [2023-01-14 12:09:05,000] OS name = Windows 10
[INFO ] [2023-01-14 12:09:05,000] Driver instance name = firefoxdriver: firefox on windows (4949a542-8bbc-40a0-98b8-9e7a79a24298)
[INFO ] [2023-01-14 12:11:33,210] Register - Step 01: Open 'Register' page
[INFO ] [2023-01-14 12:11:34,025] Register - Step 02: Enter to Firstname textbox with value is 'Automation'
[INFO ] [2023-01-14 12:12:04,128] Register - Step 09: Click to Continue button
[INFO ] [2023-01-14 12:13:36,689] Register - Step 01: Open 'Register' page
[INFO ] [2023-01-14 12:13:37,367] Register - Step 02: Enter to Firstname textbox with value is 'Automation'
[INFO ] [2023-01-14 12:13:37,500] Register - Step 03: Enter to Lastname textbox with value is 'FC'
[INFO ] [2023-01-14 12:13:37,582] Register - Step 04: Enter to Email address textbox with value is 'afc58111@mail.vn'
[INFO ] [2023-01-14 12:13:37,663] Register - Step 05: Enter to Pasword textbox with value is '123456'
[INFO ] [2023-01-14 12:13:37,735] Register - Step 06: Enter to Confirm Pasword textbox with value is '123456'
[INFO ] [2023-01-14 12:13:37,811] Register - Step 07: Click to Register button
[INFO ] [2023-01-14 12:13:38,677] Register - Step 08: Verify register success message is displayed
[INFO ] [2023-01-14 12:13:38,860] Register - Step 09: Click to Continue button
[INFO ] [2023-01-14 12:14:08,913] OS name = Windows 10
[INFO ] [2023-01-14 12:14:08,913] Driver instance name = firefoxdriver: firefox on windows (451c6527-373f-4e2f-b6e2-d9333b151e2d)
[INFO ] [2023-01-14 12:14:52,152] Register - Step 01: Open 'Register' page
[INFO ] [2023-01-14 12:14:53,353] Register - Step 02: Enter to Firstname textbox with value is 'Automation'
[INFO ] [2023-01-14 12:14:53,492] Register - Step 03: Enter to Lastname textbox with value is 'FC'
[INFO ] [2023-01-14 12:14:53,575] Register - Step 04: Enter to Email address textbox with value is 'afc7785@mail.vn'
[INFO ] [2023-01-14 12:14:53,656] Register - Step 05: Enter to Pasword textbox with value is '123456'
[INFO ] [2023-01-14 12:14:53,730] Register - Step 06: Enter to Confirm Pasword textbox with value is '123456'
[INFO ] [2023-01-14 12:14:53,816] Register - Step 07: Click to Register button
[INFO ] [2023-01-14 12:14:54,656] Register - Step 08: Verify register success message is displayed
[INFO ] [2023-01-14 12:14:54,810] Register - Step 09: Click to Continue button
[INFO ] [2023-01-14 12:15:24,876] OS name = Windows 10
[INFO ] [2023-01-14 12:15:24,876] Driver instance name = firefoxdriver: firefox on windows (a76b186e-8135-47bc-9f7d-0860f3f24b03)
[INFO ] [2023-01-14 12:15:43,574] Register - Step 01: Open 'Register' page
[INFO ] [2023-01-14 12:15:44,256] Register - Step 02: Enter to Firstname textbox with value is 'Automation'
[INFO ] [2023-01-14 12:15:44,396] Register - Step 03: Enter to Lastname textbox with value is 'FC'
[INFO ] [2023-01-14 12:15:44,478] Register - Step 04: Enter to Email address textbox with value is 'afc67072@mail.vn'
[INFO ] [2023-01-14 12:15:44,559] Register - Step 05: Enter to Pasword textbox with value is '123456'
[INFO ] [2023-01-14 12:15:44,633] Register - Step 06: Enter to Confirm Pasword textbox with value is '123456'
[INFO ] [2023-01-14 12:15:44,708] Register - Step 07: Click to Register button
[INFO ] [2023-01-14 12:15:45,588] Register - Step 08: Verify register success message is displayed
[INFO ] [2023-01-14 12:15:45,739] Register - Step 09: Click to Continue button
[INFO ] [2023-01-14 12:15:46,308] Login - Step 01: Navigate to Login page
[INFO ] [2023-01-14 12:15:46,983] Login - Step 02: Enter to Email address textbox with value is 'afc67072@mail.vn'
[INFO ] [2023-01-14 12:15:47,130] Login - Step 03: Enter to Pasword textbox with value is '123456'
[INFO ] [2023-01-14 12:15:47,211] Login - Step 04: Click to Login button
[INFO ] [2023-01-14 12:15:48,055] Login - Step 05: Verify 'My Account' link is displayed
[INFO ] [2023-01-14 12:15:48,191] Login - Step 06: Navigte to 'My Account' link
[INFO ] [2023-01-14 12:15:48,722] Login - Step 07: Verify to 'Customer Info' link
[INFO ] [2023-01-14 12:15:48,913] OS name = Windows 10
[INFO ] [2023-01-14 12:15:48,914] Driver instance name = firefoxdriver: firefox on windows (e23cbc54-daa5-4773-b40e-5abf8ed704ac)
[INFO ] [2023-01-14 12:56:18,067] Register - Step 01: Open 'Register' page
[INFO ] [2023-01-14 12:56:19,095] Register - Step 02: Enter to Firstname textbox with value is 'Automation'
[INFO ] [2023-01-14 12:56:19,180] Register - Step 03: Enter to Lastname textbox with value is 'FC'
[INFO ] [2023-01-14 12:56:19,252] Register - Step 03: Enter date of birth with value is '10'
[INFO ] [2023-01-14 12:56:19,343] Register - Step 09: Click to Continue button
[INFO ] [2023-01-14 12:56:49,400] OS name = Windows 10
[INFO ] [2023-01-14 12:56:49,401] Driver instance name = firefoxdriver: firefox on windows (29dbbeba-a0bb-43c0-a348-67505466e2d8)
[INFO ] [2023-01-14 12:58:57,082] Register - Step 01: Open 'Register' page
[INFO ] [2023-01-14 12:58:58,180] Register - Step 02: Enter to Firstname textbox with value is 'Automation'
[INFO ] [2023-01-14 12:58:58,265] Register - Step 03: Enter to Lastname textbox with value is 'FC'
[INFO ] [2023-01-14 12:58:58,341] Register - Step 03: Enter date of birth with value is '10'
[INFO ] [2023-01-14 12:58:58,418] Register - Step 09: Click to Continue button
[INFO ] [2023-01-14 12:59:28,480] OS name = Windows 10
[INFO ] [2023-01-14 12:59:28,481] Driver instance name = firefoxdriver: firefox on windows (c04fe6ab-b9b1-4775-8a52-6f1c8e782427)
[INFO ] [2023-01-14 13:01:34,273] Register - Step 01: Open 'Register' page
[INFO ] [2023-01-14 13:01:35,724] Register - Step 02: Enter to Firstname textbox with value is 'Automation'
[INFO ] [2023-01-14 13:01:35,811] Register - Step 03: Enter to Lastname textbox with value is 'FC'
[INFO ] [2023-01-14 13:01:35,881] Register - Step 03: Enter date of birth with value is '10'
[INFO ] [2023-01-14 13:01:36,185] Register - Step 03: Enter month of birth with value is 'August'
[INFO ] [2023-01-14 13:01:36,516] Register - Step 03: Enter year of birth with value is '1996'
[INFO ] [2023-01-14 13:01:36,837] Register - Step 04: Enter to Email address textbox with value is 'afc22951@mail.vn'
[INFO ] [2023-01-14 13:02:07,069] Register - Step 09: Click to Continue button
[INFO ] [2023-01-14 13:02:37,114] OS name = Windows 10
[INFO ] [2023-01-14 13:02:37,115] Driver instance name = firefoxdriver: firefox on windows (30743517-80d4-48f6-ab09-3c177ed6aae8)
[INFO ] [2023-01-14 13:03:03,795] Register - Step 01: Open 'Register' page
[INFO ] [2023-01-14 13:03:04,868] Register - Step 02: Enter to Firstname textbox with value is 'Automation'
[INFO ] [2023-01-14 13:03:04,954] Register - Step 03: Enter to Lastname textbox with value is 'FC'
[INFO ] [2023-01-14 13:03:05,028] Register - Step 03: Enter date of birth with value is '10'
[INFO ] [2023-01-14 13:03:05,374] Register - Step 03: Enter month of birth with value is 'August'
[INFO ] [2023-01-14 13:03:05,682] Register - Step 03: Enter year of birth with value is '1996'
[INFO ] [2023-01-14 13:03:05,992] Register - Step 04: Enter to Email address textbox with value is 'afc62037@mail.vn'
[INFO ] [2023-01-14 13:03:06,120] Register - Step 05: Enter to Pasword textbox with value is '123456'
[INFO ] [2023-01-14 13:03:06,203] Register - Step 06: Enter to Confirm Pasword textbox with value is '123456'
[INFO ] [2023-01-14 13:03:06,280] Register - Step 07: Click to Register button
[INFO ] [2023-01-14 13:03:07,134] Register - Step 08: Verify register success message is displayed
[INFO ] [2023-01-14 13:03:07,275] Register - Step 09: Click to Continue button
[INFO ] [2023-01-14 13:03:07,852] Login - Step 01: Navigate to Login page
[INFO ] [2023-01-14 13:03:08,416] Login - Step 02: Enter to Email address textbox with value is 'afc62037@mail.vn'
[INFO ] [2023-01-14 13:03:08,582] Login - Step 03: Enter to Pasword textbox with value is '123456'
[INFO ] [2023-01-14 13:03:08,664] Login - Step 04: Click to Login button
[INFO ] [2023-01-14 13:03:09,503] Login - Step 05: Verify 'My Account' link is displayed
[INFO ] [2023-01-14 13:03:09,660] Login - Step 06: Navigte to 'My Account' link
[INFO ] [2023-01-14 13:03:10,572] Login - Step 07: Verify to 'Customer Info' link
[INFO ] [2023-01-14 13:03:10,776] OS name = Windows 10
[INFO ] [2023-01-14 13:03:10,777] Driver instance name = firefoxdriver: firefox on windows (d2375c88-5203-4145-9847-a553b75fd716)
[INFO ] [2023-01-14 13:16:37,003] Register - Step 01: Open 'Register' page
[INFO ] [2023-01-14 13:16:38,022] Register - Step 02: Enter to Firstname textbox with value is 'Automation'
[INFO ] [2023-01-14 13:16:38,107] Register - Step 03: Enter to Lastname textbox with value is 'FC'
[INFO ] [2023-01-14 13:16:38,183] Register - Step 03: Enter date of birth with value is '10'
[INFO ] [2023-01-14 13:16:38,502] Register - Step 03: Enter month of birth with value is 'August'
[INFO ] [2023-01-14 13:16:38,829] Register - Step 03: Enter year of birth with value is '1996'
[INFO ] [2023-01-14 13:16:39,137] Register - Step 04: Enter to Email address textbox with value is 'afc88518@mail.vn'
[INFO ] [2023-01-14 13:16:39,278] Register - Step 05: Enter to Pasword textbox with value is '123456'
[INFO ] [2023-01-14 13:16:39,362] Register - Step 06: Enter to Confirm Pasword textbox with value is '123456'
[INFO ] [2023-01-14 13:16:39,435] Register - Step 07: Click to Register button
[INFO ] [2023-01-14 13:16:40,326] Register - Step 08: Verify register success message is displayed
[INFO ] [2023-01-14 13:16:40,475] Register - Step 09: Click to Continue button
[INFO ] [2023-01-14 13:16:41,058] Login - Step 01: Navigate to Login page
[INFO ] [2023-01-14 13:16:41,751] Login - Step 02: Enter to Email address textbox with value is 'afc88518@mail.vn'
[INFO ] [2023-01-14 13:16:41,887] Login - Step 03: Enter to Pasword textbox with value is '123456'
[INFO ] [2023-01-14 13:16:41,974] Login - Step 04: Click to Login button
[INFO ] [2023-01-14 13:16:42,863] Login - Step 05: Verify 'My Account' link is displayed
[INFO ] [2023-01-14 13:16:43,021] Login - Step 06: Navigte to 'My Account' link
[INFO ] [2023-01-14 13:16:43,578] Login - Step 06: Verify 'First name' value
[INFO ] [2023-01-14 13:16:43,683] Login - Step 07: Verify 'Last name' value
[INFO ] [2023-01-14 13:16:43,763] Login - Step 08: Verify 'Email name' value
[INFO ] [2023-01-14 13:16:43,824] Login - Step 09: Verify to 'Customer Info' link
[INFO ] [2023-01-14 13:16:43,960] OS name = Windows 10
[INFO ] [2023-01-14 13:16:43,960] Driver instance name = firefoxdriver: firefox on windows (6a164c78-bfc6-45e6-8ff2-419fe247d033)
